<?xml version="1.0" encoding="UTF-8"?>
<!-- Generated by org.testng.reporters.JUnitReportReporter -->
<testsuite hostname="1-HP" name="com.example.tests.GroupCreationTests" tests="2" failures="0" timestamp="21 Apr 2015 17:47:41 GMT" time="8.855" errors="0">
  <testcase name="testEmptyGroupCreation" time="4.976" classname="com.example.tests.GroupCreationTests"/>
  <testcase name="testNonEmptyGroupCreation" time="3.879" classname="com.example.tests.GroupCreationTests"/>
</testsuite> <!-- com.example.tests.GroupCreationTests -->
