<?xml version="1.0" encoding="UTF-8"?>
<!-- Generated by org.testng.reporters.JUnitReportReporter -->
<testsuite hostname="1-HP" name="com.example.tests.ContactCreationTests" tests="2" failures="0" timestamp="21 Apr 2015 17:47:41 GMT" time="16.317" errors="0">
  <testcase name="testEmptyContactCreation" time="7.723" classname="com.example.tests.ContactCreationTests"/>
  <testcase name="testNonEmptyContactCreation" time="8.594" classname="com.example.tests.ContactCreationTests"/>
</testsuite> <!-- com.example.tests.ContactCreationTests -->
